<?xml version="1.0" encoding="UTF-8"?>
<!-- Generated by org.testng.reporters.JUnitReportReporter -->
<testsuite hostname="Amit-PC" failures="0" tests="1" name="test.ZerodhaHomePage" time="47.857" errors="0" timestamp="2022-08-24T19:00:23 IST" skipped="0">
  <testcase classname="test.ZerodhaHomePage" name="searchBox" time="47.857"/>
  <system-out/>
</testsuite> <!-- test.ZerodhaHomePage -->
